Using pre-set license
Built from '2020.3/release' branch; Version is '2020.3.7f1 (dd97f2c94397) revision 14522354'; Using compiler version '192528614'; Build Type 'Release'
OS: 'Windows 10 Home; OS build 19041.928; Version 2004; 64bit' Language: 'en' Physical Memory: 32718 MB
BatchMode: 1, IsHumanControllingUs: 0, StartBugReporterOnCrash: 0, Is64bit: 1, IsPro: 0

 COMMAND LINE ARGUMENTS:
D:\UnityStuff\Unity Hub\2020.3.7f1\Editor\Unity.exe
-adb2
-batchMode
-noUpm
-name
AssetImportWorker0
-projectPath
D:/Unity/Cities-Sandbox
-logFile
Logs/AssetImportWorker0.log
-srvPort
58293
Successfully changed project path to: D:/Unity/Cities-Sandbox
D:/Unity/Cities-Sandbox
Using Asset Import Pipeline V2.
Refreshing native plugins compatible for Editor in 39.03 ms, found 0 plugins.
Preloading 0 native plugins for Editor in 0.00 ms.
Initialize engine version: 2020.3.7f1 (dd97f2c94397)
[Subsystems] Discovering subsystems at path D:/UnityStuff/Unity Hub/2020.3.7f1/Editor/Data/Resources/UnitySubsystems
[Subsystems] Discovering subsystems at path D:/Unity/Cities-Sandbox/Assets
GfxDevice: creating device client; threaded=0
Direct3D:
    Version:  Direct3D 11.0 [level 11.1]
    Renderer: Radeon RX 590 Series (ID=0x67df)
    Vendor:   
    VRAM:     8171 MB
    Driver:   27.20.15003.1004
Initialize mono
Mono path[0] = 'D:/UnityStuff/Unity Hub/2020.3.7f1/Editor/Data/Managed'
Mono path[1] = 'D:/UnityStuff/Unity Hub/2020.3.7f1/Editor/Data/MonoBleedingEdge/lib/mono/unityjit'
Mono config path = 'D:/UnityStuff/Unity Hub/2020.3.7f1/Editor/Data/MonoBleedingEdge/etc'
Using monoOptions --debugger-agent=transport=dt_socket,embedding=1,server=y,suspend=n,address=127.0.0.1:56192
Begin MonoManager ReloadAssembly
Registering precompiled unity dll's ...
Register platform support module: D:/UnityStuff/Unity Hub/2020.3.7f1/Editor/Data/PlaybackEngines/WindowsStandaloneSupport/UnityEditor.WindowsStandalone.Extensions.dll
Registered in 0.000885 seconds.
Native extension for WindowsStandalone target not found
Refreshing native plugins compatible for Editor in 35.57 ms, found 0 plugins.
Preloading 0 native plugins for Editor in 0.00 ms.
Mono: successfully reloaded assembly
- Completed reload, in  0.667 seconds
Platform modules already initialized, skipping
Registering precompiled user dll's ...
Registered in 0.002074 seconds.
Begin MonoManager ReloadAssembly
Native extension for WindowsStandalone target not found
Refreshing native plugins compatible for Editor in 0.74 ms, found 0 plugins.
Preloading 0 native plugins for Editor in 0.00 ms.
Mono: successfully reloaded assembly
- Completed reload, in  0.747 seconds
Platform modules already initialized, skipping
========================================================================
Worker process is ready to serve import requests
Launched and connected shader compiler UnityShaderCompiler.exe after 0.03 seconds
Refreshing native plugins compatible for Editor in 0.80 ms, found 0 plugins.
Preloading 0 native plugins for Editor in 0.00 ms.
Unloading 1942 Unused Serialized files (Serialized files now loaded: 0)
System memory in use before: 95.7 MB.
System memory in use after: 95.8 MB.

Unloading 53 unused Assets to reduce memory usage. Loaded Objects now: 2373.
Total: 4.639200 ms (FindLiveObjects: 0.243600 ms CreateObjectMapping: 0.068900 ms MarkObjects: 4.241600 ms  DeleteObjects: 0.084000 ms)

========================================================================
Received Import Request.
  path: Assets/Art/Shader
  artifactKey: Guid(e2dfbe04af551024683eef36af0c216e) Importer(815301076,1909f56bfc062723c751e8b465ee728b)
Start importing Assets/Art/Shader using Guid(e2dfbe04af551024683eef36af0c216e) Importer(815301076,1909f56bfc062723c751e8b465ee728b)  -> (artifact id: '75be81f44db35bf537ca5371ff3c6941') in 0.008970 seconds
  Import took 0.012480 seconds .

========================================================================
Received Import Request.
  Time since last request: 0.000142 seconds.
  path: Assets/Art/Shader/test.mat
  artifactKey: Guid(2b03b11c81431854c8d6eaebb3bc7214) Importer(815301076,1909f56bfc062723c751e8b465ee728b)
Start importing Assets/Art/Shader/test.mat using Guid(2b03b11c81431854c8d6eaebb3bc7214) Importer(815301076,1909f56bfc062723c751e8b465ee728b)  -> (artifact id: 'ddf41f36aa4379f2d0f9a9a221fcfc3b') in 0.105465 seconds
  Import took 0.108261 seconds .

========================================================================
Received Import Request.
  Time since last request: 1.150253 seconds.
  path: Assets/Art/Shader/Shader.shader
  artifactKey: Guid(55146b74e06dc6b4b89b63eb28bf9449) Importer(815301076,1909f56bfc062723c751e8b465ee728b)
Start importing Assets/Art/Shader/Shader.shader using Guid(55146b74e06dc6b4b89b63eb28bf9449) Importer(815301076,1909f56bfc062723c751e8b465ee728b)  -> (artifact id: '2b307b3cf8540ec094e2cf20521ae2eb') in 0.003549 seconds
  Import took 0.006487 seconds .

========================================================================
Received Import Request.
  Time since last request: 0.001330 seconds.
  path: Assets/Art/Shader/Shader.shader
  artifactKey: Guid(55146b74e06dc6b4b89b63eb28bf9449) Importer(815301076,1909f56bfc062723c751e8b465ee728b)
Start importing Assets/Art/Shader/Shader.shader using Guid(55146b74e06dc6b4b89b63eb28bf9449) Importer(815301076,1909f56bfc062723c751e8b465ee728b)  -> (artifact id: '2b307b3cf8540ec094e2cf20521ae2eb') in 0.001778 seconds
  Import took 0.004204 seconds .

========================================================================
Received Prepare
Registering precompiled user dll's ...
Registered in 0.003235 seconds.
Begin MonoManager ReloadAssembly
Native extension for WindowsStandalone target not found
Refreshing native plugins compatible for Editor in 0.74 ms, found 0 plugins.
Preloading 0 native plugins for Editor in 0.00 ms.
Mono: successfully reloaded assembly
- Completed reload, in  0.705 seconds
Platform modules already initialized, skipping
Refreshing native plugins compatible for Editor in 0.71 ms, found 0 plugins.
Preloading 0 native plugins for Editor in 0.00 ms.
Unloading 1930 Unused Serialized files (Serialized files now loaded: 0)
System memory in use before: 98.2 MB.
System memory in use after: 98.3 MB.

Unloading 44 unused Assets to reduce memory usage. Loaded Objects now: 2416.
Total: 4.242000 ms (FindLiveObjects: 0.218800 ms CreateObjectMapping: 0.042400 ms MarkObjects: 3.961500 ms  DeleteObjects: 0.018200 ms)

========================================================================
Received Import Request.
  Time since last request: 53.876970 seconds.
  path: Assets/Art/Materials
  artifactKey: Guid(70997c5143c455a46b00b7df35c4aadf) Importer(815301076,1909f56bfc062723c751e8b465ee728b)
Start importing Assets/Art/Materials using Guid(70997c5143c455a46b00b7df35c4aadf) Importer(815301076,1909f56bfc062723c751e8b465ee728b)  -> (artifact id: 'a6f8ca27baf8d4f2d661b67f83dff4cd') in 0.008725 seconds
  Import took 0.011775 seconds .

========================================================================
Received Import Request.
  Time since last request: 0.073326 seconds.
  path: Assets/Art/Materials/HelpWanted_Sign.mat
  artifactKey: Guid(0851620ad4da2954baf39e676450bcef) Importer(815301076,1909f56bfc062723c751e8b465ee728b)
Start importing Assets/Art/Materials/HelpWanted_Sign.mat using Guid(0851620ad4da2954baf39e676450bcef) Importer(815301076,1909f56bfc062723c751e8b465ee728b)  -> (artifact id: '88c29770d028be730bb5bd191df73771') in 0.046140 seconds
  Import took 0.049525 seconds .

========================================================================
Received Import Request.
  Time since last request: 0.000158 seconds.
  path: Assets/Art/Materials/NewShaderVariants.shadervariants
  artifactKey: Guid(c6d5c1271b04dcf418689cb1c28dcf99) Importer(815301076,1909f56bfc062723c751e8b465ee728b)
Start importing Assets/Art/Materials/NewShaderVariants.shadervariants using Guid(c6d5c1271b04dcf418689cb1c28dcf99) Importer(815301076,1909f56bfc062723c751e8b465ee728b)  -> (artifact id: 'b4739312ffd8d477a943044fddd206a4') in 0.014239 seconds
  Import took 0.017291 seconds .

========================================================================
Received Import Request.
  Time since last request: 0.000182 seconds.
  path: Assets/Art/Materials/Transparent.mat
  artifactKey: Guid(7a0dc9f98e3157d4681d1ad14401ed19) Importer(815301076,1909f56bfc062723c751e8b465ee728b)
Start importing Assets/Art/Materials/Transparent.mat using Guid(7a0dc9f98e3157d4681d1ad14401ed19) Importer(815301076,1909f56bfc062723c751e8b465ee728b)  -> (artifact id: 'e801ac38c0a3be5b5e17a34677451583') in 0.015104 seconds
  Import took 0.018172 seconds .

========================================================================
Received Import Request.
  Time since last request: 60.136343 seconds.
  path: Assets/Art/Fonts
  artifactKey: Guid(31b17b02258b82e4b987a9980c4c685e) Importer(815301076,1909f56bfc062723c751e8b465ee728b)
Start importing Assets/Art/Fonts using Guid(31b17b02258b82e4b987a9980c4c685e) Importer(815301076,1909f56bfc062723c751e8b465ee728b)  -> (artifact id: '030629ffdb088c7bbee4580b88539087') in 0.006751 seconds
  Import took 0.010338 seconds .

========================================================================
Received Import Request.
  Time since last request: 1.408305 seconds.
  path: Assets/Art/Fonts/Roboto
  artifactKey: Guid(93c70e11169736048b261e99a2207ce9) Importer(815301076,1909f56bfc062723c751e8b465ee728b)
Start importing Assets/Art/Fonts/Roboto using Guid(93c70e11169736048b261e99a2207ce9) Importer(815301076,1909f56bfc062723c751e8b465ee728b)  -> (artifact id: 'fbdc1931ccb3fd36261c5e870a886774') in 0.006056 seconds
  Import took 0.009092 seconds .

========================================================================
Received Import Request.
  Time since last request: 0.049066 seconds.
  path: Assets/Art/Fonts/Roboto/Roboto-Black.ttf
  artifactKey: Guid(4ab3f8e644bc80f4a9b0bef3373ea665) Importer(815301076,1909f56bfc062723c751e8b465ee728b)
Start importing Assets/Art/Fonts/Roboto/Roboto-Black.ttf using Guid(4ab3f8e644bc80f4a9b0bef3373ea665) Importer(815301076,1909f56bfc062723c751e8b465ee728b)  -> (artifact id: '166a48799ff87cdc53ef970aaa405fe0') in 0.032013 seconds
  Import took 0.035617 seconds .

========================================================================
Received Import Request.
  Time since last request: 0.000156 seconds.
  path: Assets/Art/Fonts/Roboto/Roboto-ThinItalic.ttf
  artifactKey: Guid(4746f1884e18b43428df5961d957891a) Importer(815301076,1909f56bfc062723c751e8b465ee728b)
Start importing Assets/Art/Fonts/Roboto/Roboto-ThinItalic.ttf using Guid(4746f1884e18b43428df5961d957891a) Importer(815301076,1909f56bfc062723c751e8b465ee728b)  -> (artifact id: '0564657722819e4d77a207503b79e60d') in 0.012860 seconds
  Import took 0.015925 seconds .

========================================================================
Received Import Request.
  Time since last request: 0.000148 seconds.
  path: Assets/Art/Fonts/Roboto/Roboto-BlackItalic.ttf
  artifactKey: Guid(3159c2d6206a26b4e842be98273604ee) Importer(815301076,1909f56bfc062723c751e8b465ee728b)
Start importing Assets/Art/Fonts/Roboto/Roboto-BlackItalic.ttf using Guid(3159c2d6206a26b4e842be98273604ee) Importer(815301076,1909f56bfc062723c751e8b465ee728b)  -> (artifact id: '33df64951f7baccc7ebce59d11bef3bb') in 0.012520 seconds
  Import took 0.015297 seconds .

========================================================================
Received Import Request.
  Time since last request: 0.000151 seconds.
  path: Assets/Art/Fonts/Roboto/Roboto-Thin.ttf
  artifactKey: Guid(ab0dd2d6edf1a004eb28dc35adeb6a44) Importer(815301076,1909f56bfc062723c751e8b465ee728b)
Start importing Assets/Art/Fonts/Roboto/Roboto-Thin.ttf using Guid(ab0dd2d6edf1a004eb28dc35adeb6a44) Importer(815301076,1909f56bfc062723c751e8b465ee728b)  -> (artifact id: 'cc32568899503cb10960793061723af8') in 0.013420 seconds
  Import took 0.016594 seconds .

========================================================================
Received Import Request.
  Time since last request: 0.000167 seconds.
  path: Assets/Art/Fonts/Roboto/Roboto-LightItalic.ttf
  artifactKey: Guid(4986f6ab99a5b184994b379494209d7d) Importer(815301076,1909f56bfc062723c751e8b465ee728b)
Start importing Assets/Art/Fonts/Roboto/Roboto-LightItalic.ttf using Guid(4986f6ab99a5b184994b379494209d7d) Importer(815301076,1909f56bfc062723c751e8b465ee728b)  -> (artifact id: '047c96f1a4376504c0ced2c1a267ff7f') in 0.015421 seconds
  Import took 0.018176 seconds .

========================================================================
Received Import Request.
  Time since last request: 0.000139 seconds.
  path: Assets/Art/Fonts/Roboto/Roboto-Light.ttf
  artifactKey: Guid(b856de721e30c4c4cba4a9aa784cf76e) Importer(815301076,1909f56bfc062723c751e8b465ee728b)
Start importing Assets/Art/Fonts/Roboto/Roboto-Light.ttf using Guid(b856de721e30c4c4cba4a9aa784cf76e) Importer(815301076,1909f56bfc062723c751e8b465ee728b)  -> (artifact id: '72f4e5a13a9605abccd50e5c8fbefa02') in 0.014470 seconds
  Import took 0.017109 seconds .

========================================================================
Received Import Request.
  Time since last request: 0.000126 seconds.
  path: Assets/Art/Fonts/Roboto/Roboto-Italic.ttf
  artifactKey: Guid(b263b6396134fc243b2b2b012ad31d16) Importer(815301076,1909f56bfc062723c751e8b465ee728b)
Start importing Assets/Art/Fonts/Roboto/Roboto-Italic.ttf using Guid(b263b6396134fc243b2b2b012ad31d16) Importer(815301076,1909f56bfc062723c751e8b465ee728b)  -> (artifact id: '3abb901cc61179d6c764f77ccf7083ba') in 0.011159 seconds
  Import took 0.014051 seconds .

========================================================================
Received Import Request.
  Time since last request: 0.000162 seconds.
  path: Assets/Art/Fonts/Roboto/Roboto-Regular.ttf
  artifactKey: Guid(7ce2a1edc772a184397bbcd988ef2bdf) Importer(815301076,1909f56bfc062723c751e8b465ee728b)
Start importing Assets/Art/Fonts/Roboto/Roboto-Regular.ttf using Guid(7ce2a1edc772a184397bbcd988ef2bdf) Importer(815301076,1909f56bfc062723c751e8b465ee728b)  -> (artifact id: 'b37c26d61db48d7d210b8044c8042199') in 0.011302 seconds
  Import took 0.014124 seconds .

========================================================================
Received Import Request.
  Time since last request: 0.000150 seconds.
  path: Assets/Art/Fonts/Roboto/Roboto-BoldItalic.ttf
  artifactKey: Guid(126117174b7e9f0418e6a73802bffeeb) Importer(815301076,1909f56bfc062723c751e8b465ee728b)
Start importing Assets/Art/Fonts/Roboto/Roboto-BoldItalic.ttf using Guid(126117174b7e9f0418e6a73802bffeeb) Importer(815301076,1909f56bfc062723c751e8b465ee728b)  -> (artifact id: 'a91ed5c6e577d42c0e085ede17c03849') in 0.011194 seconds
  Import took 0.013804 seconds .

========================================================================
Received Import Request.
  Time since last request: 0.000162 seconds.
  path: Assets/Art/Fonts/Roboto/Roboto-Medium.ttf
  artifactKey: Guid(52aab216cd532c84581521ee29d95dc9) Importer(815301076,1909f56bfc062723c751e8b465ee728b)
Start importing Assets/Art/Fonts/Roboto/Roboto-Medium.ttf using Guid(52aab216cd532c84581521ee29d95dc9) Importer(815301076,1909f56bfc062723c751e8b465ee728b)  -> (artifact id: '6c383fc31182acc64a88e19a65b68698') in 0.013831 seconds
  Import took 0.016965 seconds .

========================================================================
Received Import Request.
  Time since last request: 0.000154 seconds.
  path: Assets/Art/Fonts/Roboto/Roboto-Bold.ttf
  artifactKey: Guid(db2eb2ed4cb00e9449fa6adc9897e4ca) Importer(815301076,1909f56bfc062723c751e8b465ee728b)
Start importing Assets/Art/Fonts/Roboto/Roboto-Bold.ttf using Guid(db2eb2ed4cb00e9449fa6adc9897e4ca) Importer(815301076,1909f56bfc062723c751e8b465ee728b)  -> (artifact id: 'e322a06da2698dcb35d99a00afb5e54b') in 0.015637 seconds
  Import took 0.018754 seconds .

========================================================================
Received Import Request.
  Time since last request: 0.000146 seconds.
  path: Assets/Art/Fonts/Roboto/Roboto-MediumItalic.ttf
  artifactKey: Guid(131d3edd4992ccc46a4a9ae006ebb7da) Importer(815301076,1909f56bfc062723c751e8b465ee728b)
Start importing Assets/Art/Fonts/Roboto/Roboto-MediumItalic.ttf using Guid(131d3edd4992ccc46a4a9ae006ebb7da) Importer(815301076,1909f56bfc062723c751e8b465ee728b)  -> (artifact id: 'c373bbd8679cc8909f42b3fc87e7fcd9') in 0.013521 seconds
  Import took 0.016352 seconds .

========================================================================
Received Import Request.
  Time since last request: 2.012452 seconds.
  path: Assets/Art/Cube
  artifactKey: Guid(10c081321d50a434894956a23282450e) Importer(815301076,1909f56bfc062723c751e8b465ee728b)
Start importing Assets/Art/Cube using Guid(10c081321d50a434894956a23282450e) Importer(815301076,1909f56bfc062723c751e8b465ee728b)  -> (artifact id: '307a71ac6fb7fbc80ab11ea482175ad1') in 0.007665 seconds
  Import took 0.011271 seconds .

========================================================================
Received Import Request.
  Time since last request: 0.072083 seconds.
  path: Assets/Art/Cube/BlackCube.PNG
  artifactKey: Guid(c7622624dce80f94bb0edef74108a020) Importer(815301076,1909f56bfc062723c751e8b465ee728b)
Start importing Assets/Art/Cube/BlackCube.PNG using Guid(c7622624dce80f94bb0edef74108a020) Importer(815301076,1909f56bfc062723c751e8b465ee728b)  -> (artifact id: '8fdfff894a8c7fce6bf7ee2008e2ebcc') in 0.024228 seconds
  Import took 0.027758 seconds .

========================================================================
Received Import Request.
  Time since last request: 0.000149 seconds.
  path: Assets/Art/Cube/PurpleCube.PNG
  artifactKey: Guid(9f99d36263daf6544b825a4d854171fd) Importer(815301076,1909f56bfc062723c751e8b465ee728b)
Start importing Assets/Art/Cube/PurpleCube.PNG using Guid(9f99d36263daf6544b825a4d854171fd) Importer(815301076,1909f56bfc062723c751e8b465ee728b)  -> (artifact id: '2e49bf197446954ed57262a2ecc6bbee') in 0.013638 seconds
  Import took 0.016184 seconds .

========================================================================
Received Import Request.
  Time since last request: 0.000208 seconds.
  path: Assets/Art/Cube/OrangeCube.PNG
  artifactKey: Guid(83e9ad58e41c65e458788164704cb301) Importer(815301076,1909f56bfc062723c751e8b465ee728b)
Start importing Assets/Art/Cube/OrangeCube.PNG using Guid(83e9ad58e41c65e458788164704cb301) Importer(815301076,1909f56bfc062723c751e8b465ee728b)  -> (artifact id: 'eacf814b713aea01bb29a7b79d41823c') in 0.014474 seconds
  Import took 0.017393 seconds .

========================================================================
Received Import Request.
  Time since last request: 0.000131 seconds.
  path: Assets/Art/Cube/WhiteCube.PNG
  artifactKey: Guid(6560a8eb06ace2a418c00e75edb866dd) Importer(815301076,1909f56bfc062723c751e8b465ee728b)
Start importing Assets/Art/Cube/WhiteCube.PNG using Guid(6560a8eb06ace2a418c00e75edb866dd) Importer(815301076,1909f56bfc062723c751e8b465ee728b)  -> (artifact id: '362e2cb0495afccc416a02cd482b6d29') in 0.012644 seconds
  Import took 0.015669 seconds .

========================================================================
Received Import Request.
  Time since last request: 0.000149 seconds.
  path: Assets/Art/Cube/BlueCube.PNG
  artifactKey: Guid(9e79b7e7ad02d9d4d8ae3c5597037141) Importer(815301076,1909f56bfc062723c751e8b465ee728b)
Start importing Assets/Art/Cube/BlueCube.PNG using Guid(9e79b7e7ad02d9d4d8ae3c5597037141) Importer(815301076,1909f56bfc062723c751e8b465ee728b)  -> (artifact id: 'ce3227afe91808bdb643363ebaf09a6c') in 0.015073 seconds
  Import took 0.017765 seconds .

========================================================================
Received Import Request.
  Time since last request: 0.000150 seconds.
  path: Assets/Art/Cube/GreenCube.PNG
  artifactKey: Guid(f8d0090f37b5f3b429e6e071dad6d092) Importer(815301076,1909f56bfc062723c751e8b465ee728b)
Start importing Assets/Art/Cube/GreenCube.PNG using Guid(f8d0090f37b5f3b429e6e071dad6d092) Importer(815301076,1909f56bfc062723c751e8b465ee728b)  -> (artifact id: 'ae589620ed165b276642ff358bbe3936') in 0.014716 seconds
  Import took 0.017566 seconds .

========================================================================
Received Import Request.
  Time since last request: 0.000150 seconds.
  path: Assets/Art/Cube/RedCube.PNG
  artifactKey: Guid(4e69d0e1777c3704596ac50a66f903f9) Importer(815301076,1909f56bfc062723c751e8b465ee728b)
Start importing Assets/Art/Cube/RedCube.PNG using Guid(4e69d0e1777c3704596ac50a66f903f9) Importer(815301076,1909f56bfc062723c751e8b465ee728b)  -> (artifact id: 'c3fa7e13b5cfeddf1b332aa1d9067159') in 0.016299 seconds
  Import took 0.019156 seconds .

========================================================================
Received Prepare
Registering precompiled user dll's ...
Registered in 0.002435 seconds.
Begin MonoManager ReloadAssembly
Native extension for WindowsStandalone target not found
Refreshing native plugins compatible for Editor in 0.72 ms, found 0 plugins.
Preloading 0 native plugins for Editor in 0.00 ms.
Mono: successfully reloaded assembly
- Completed reload, in  0.739 seconds
Platform modules already initialized, skipping
Refreshing native plugins compatible for Editor in 0.74 ms, found 0 plugins.
Preloading 0 native plugins for Editor in 0.00 ms.
Unloading 1930 Unused Serialized files (Serialized files now loaded: 0)
System memory in use before: 103.0 MB.
System memory in use after: 103.1 MB.

Unloading 44 unused Assets to reduce memory usage. Loaded Objects now: 2440.
Total: 4.395200 ms (FindLiveObjects: 0.192100 ms CreateObjectMapping: 0.042500 ms MarkObjects: 4.141300 ms  DeleteObjects: 0.018100 ms)

========================================================================
Received Import Request.
  Time since last request: 55.946573 seconds.
  path: Assets/Animations
  artifactKey: Guid(2644cffa132218146bb4b43abe87e999) Importer(815301076,1909f56bfc062723c751e8b465ee728b)
Start importing Assets/Animations using Guid(2644cffa132218146bb4b43abe87e999) Importer(815301076,1909f56bfc062723c751e8b465ee728b)  -> (artifact id: '9afdb6fd5c746407686671203d8d9dfe') in 0.009058 seconds
  Import took 0.012374 seconds .

========================================================================
Received Import Request.
  Time since last request: 4.130633 seconds.
  path: Assets/MainMenu
  artifactKey: Guid(5f52745995ef5b54e8832a9acd17cdff) Importer(815301076,1909f56bfc062723c751e8b465ee728b)
Start importing Assets/MainMenu using Guid(5f52745995ef5b54e8832a9acd17cdff) Importer(815301076,1909f56bfc062723c751e8b465ee728b)  -> (artifact id: '738a484fe55102db28d360b1a6c747bd') in 0.006247 seconds
  Import took 0.009671 seconds .

========================================================================
Received Import Request.
  Time since last request: 49.503405 seconds.
  path: Assets/Models/Materials
  artifactKey: Guid(a1a9ec5825e71f64597aa63eaa2775a5) Importer(815301076,1909f56bfc062723c751e8b465ee728b)
Start importing Assets/Models/Materials using Guid(a1a9ec5825e71f64597aa63eaa2775a5) Importer(815301076,1909f56bfc062723c751e8b465ee728b)  -> (artifact id: '399c3fe905dacad06c7e34a6df793c1c') in 0.002205 seconds
  Import took 0.005688 seconds .

========================================================================
Received Import Request.
  Time since last request: 0.113000 seconds.
  path: Assets/Models/Materials/Material.001.mat
  artifactKey: Guid(e62f9310392a6fa44b30056bd34585e6) Importer(815301076,1909f56bfc062723c751e8b465ee728b)
Start importing Assets/Models/Materials/Material.001.mat using Guid(e62f9310392a6fa44b30056bd34585e6) Importer(815301076,1909f56bfc062723c751e8b465ee728b)  -> (artifact id: 'bb3c0d1254b7e36c5c6c7533b698a979') in 0.042507 seconds
  Import took 0.047474 seconds .

========================================================================
Received Import Request.
  Time since last request: 0.000161 seconds.
  path: Assets/Models/Materials/Material.002.mat
  artifactKey: Guid(2471712e6dd026e4082243d34ad784b5) Importer(815301076,1909f56bfc062723c751e8b465ee728b)
Start importing Assets/Models/Materials/Material.002.mat using Guid(2471712e6dd026e4082243d34ad784b5) Importer(815301076,1909f56bfc062723c751e8b465ee728b)  -> (artifact id: 'cb644a3c7905c950ad85c2830dacdf13') in 0.011966 seconds
  Import took 0.014906 seconds .

========================================================================
Received Import Request.
  Time since last request: 0.013320 seconds.
  path: Assets/Models/Materials/Material.002.mat
  artifactKey: Guid(2471712e6dd026e4082243d34ad784b5) Importer(815301076,1909f56bfc062723c751e8b465ee728b)
Start importing Assets/Models/Materials/Material.002.mat using Guid(2471712e6dd026e4082243d34ad784b5) Importer(815301076,1909f56bfc062723c751e8b465ee728b)  -> (artifact id: 'cb644a3c7905c950ad85c2830dacdf13') in 0.010023 seconds
  Import took 0.013071 seconds .

========================================================================
Received Import Request.
  Time since last request: 10.441955 seconds.
  path: Assets/Project
  artifactKey: Guid(9baa95a7f413356439cee63c595e0adb) Importer(815301076,1909f56bfc062723c751e8b465ee728b)
Start importing Assets/Project using Guid(9baa95a7f413356439cee63c595e0adb) Importer(815301076,1909f56bfc062723c751e8b465ee728b)  -> (artifact id: '3d5a491667696d0decba48c158c04071') in 0.006239 seconds
  Import took 0.009458 seconds .

========================================================================
Received Import Request.
  Time since last request: 0.110323 seconds.
  path: Assets/Project/LightingData.asset
  artifactKey: Guid(41361671b5a69474aa257c6d39e88594) Importer(815301076,1909f56bfc062723c751e8b465ee728b)
Start importing Assets/Project/LightingData.asset using Guid(41361671b5a69474aa257c6d39e88594) Importer(815301076,1909f56bfc062723c751e8b465ee728b)  -> (artifact id: 'd015dd501a2ecf5f708c1bdac14973de') in 0.083518 seconds
  Import took 0.088292 seconds .

========================================================================
Received Import Request.
  Time since last request: 0.000177 seconds.
  path: Assets/Project/ReflectionProbe-0.exr
  artifactKey: Guid(7f21da6756e688d4394107e8917f1ef6) Importer(815301076,1909f56bfc062723c751e8b465ee728b)
Start importing Assets/Project/ReflectionProbe-0.exr using Guid(7f21da6756e688d4394107e8917f1ef6) Importer(815301076,1909f56bfc062723c751e8b465ee728b)  -> (artifact id: 'f376aa87fe303d1caf36a283d8c33ea5') in 0.025010 seconds
  Import took 0.027622 seconds .

========================================================================
Received Import Request.
  Time since last request: 52.899886 seconds.
  path: Assets/Resources/Palm_Desktop Materials
  artifactKey: Guid(ee9916f0abe378d459e79cf64aa488fd) Importer(815301076,1909f56bfc062723c751e8b465ee728b)
Start importing Assets/Resources/Palm_Desktop Materials using Guid(ee9916f0abe378d459e79cf64aa488fd) Importer(815301076,1909f56bfc062723c751e8b465ee728b)  -> (artifact id: '0c6ba4c7e2d79f24543b5093272a73f1') in 0.006163 seconds
  Import took 0.009255 seconds .

========================================================================
Received Import Request.
  Time since last request: 9.155725 seconds.
  path: Assets/Resources/Conifer_Desktop Materials
  artifactKey: Guid(1e7786a53333ff546810524372d0c344) Importer(815301076,1909f56bfc062723c751e8b465ee728b)
Start importing Assets/Resources/Conifer_Desktop Materials using Guid(1e7786a53333ff546810524372d0c344) Importer(815301076,1909f56bfc062723c751e8b465ee728b)  -> (artifact id: '9e3762127f9e9208910771b0d2258f8c') in 0.005884 seconds
  Import took 0.008919 seconds .

========================================================================
Received Import Request.
  Time since last request: 1.740762 seconds.
  path: Assets/Resources/Conifer_Desktop Materials/LOD1
  artifactKey: Guid(7af2ada3ba970124ca84faae3b802087) Importer(815301076,1909f56bfc062723c751e8b465ee728b)
Start importing Assets/Resources/Conifer_Desktop Materials/LOD1 using Guid(7af2ada3ba970124ca84faae3b802087) Importer(815301076,1909f56bfc062723c751e8b465ee728b)  -> (artifact id: '2c209f78c34cdb66941e03af920184d2') in 0.006127 seconds
  Import took 0.009315 seconds .

========================================================================
Received Import Request.
  Time since last request: 0.084450 seconds.
  path: Assets/Resources/Conifer_Desktop Materials/LOD1/Branches_0.mat
  artifactKey: Guid(3f4a213749c6ceb449e54227fc92e5a2) Importer(815301076,1909f56bfc062723c751e8b465ee728b)
Start importing Assets/Resources/Conifer_Desktop Materials/LOD1/Branches_0.mat using Guid(3f4a213749c6ceb449e54227fc92e5a2) Importer(815301076,1909f56bfc062723c751e8b465ee728b)  -> (artifact id: '939da1cf7d73ac6d32b6aa727b16209e') in 0.335313 seconds
  Import took 0.339180 seconds .

========================================================================
Received Import Request.
  Time since last request: 0.000169 seconds.
  path: Assets/Resources/Conifer_Desktop Materials/LOD1/Branches_1.mat
  artifactKey: Guid(aac60ed7148aa704d8a72ddb7c0b6557) Importer(815301076,1909f56bfc062723c751e8b465ee728b)
Start importing Assets/Resources/Conifer_Desktop Materials/LOD1/Branches_1.mat using Guid(aac60ed7148aa704d8a72ddb7c0b6557) Importer(815301076,1909f56bfc062723c751e8b465ee728b)  -> (artifact id: 'd7eb224dfe1ca64be32dfea790b56b25') in 0.324195 seconds
  Import took 0.327006 seconds .

========================================================================
Received Import Request.
  Time since last request: 0.000156 seconds.
  path: Assets/Resources/Conifer_Desktop Materials/LOD1/Fronds_2.mat
  artifactKey: Guid(d9abf8f5e22e3ea4684f3028ec690f7a) Importer(815301076,1909f56bfc062723c751e8b465ee728b)
Start importing Assets/Resources/Conifer_Desktop Materials/LOD1/Fronds_2.mat using Guid(d9abf8f5e22e3ea4684f3028ec690f7a) Importer(815301076,1909f56bfc062723c751e8b465ee728b)  -> (artifact id: 'e553f469536bc48d491c7dffdbd5610f') in 0.331373 seconds
  Import took 0.333930 seconds .

========================================================================
Received Import Request.
  Time since last request: 0.000165 seconds.
  path: Assets/Resources/Conifer_Desktop Materials/LOD1/Leaves_3.mat
  artifactKey: Guid(d409f8052ea643f4fa7a254c2e8d116d) Importer(815301076,1909f56bfc062723c751e8b465ee728b)
Start importing Assets/Resources/Conifer_Desktop Materials/LOD1/Leaves_3.mat using Guid(d409f8052ea643f4fa7a254c2e8d116d) Importer(815301076,1909f56bfc062723c751e8b465ee728b)  -> (artifact id: '1b68e55a176ded5194ba6bf80d62386e') in 0.448902 seconds
  Import took 0.451814 seconds .

========================================================================
Received Import Request.
  Time since last request: 1.819989 seconds.
  path: Assets/Resources/Broadleaf_Desktop 1 Materials
  artifactKey: Guid(cfe1d09b141fdce43a1551f6142edb4c) Importer(815301076,1909f56bfc062723c751e8b465ee728b)
Start importing Assets/Resources/Broadleaf_Desktop 1 Materials using Guid(cfe1d09b141fdce43a1551f6142edb4c) Importer(815301076,1909f56bfc062723c751e8b465ee728b)  -> (artifact id: '7685aa3e535f8f9347cfbc70ecb0a44e') in 0.005887 seconds
  Import took 0.008944 seconds .

========================================================================
Received Import Request.
  Time since last request: 19.435189 seconds.
  path: Assets/WorldData.cs
  artifactKey: Guid(381c7efbaa76c9c4fb63c45cf0bf85c1) Importer(815301076,1909f56bfc062723c751e8b465ee728b)
Start importing Assets/WorldData.cs using Guid(381c7efbaa76c9c4fb63c45cf0bf85c1) Importer(815301076,1909f56bfc062723c751e8b465ee728b)  -> (artifact id: 'a935b77cbe7533577eb9acb5bf2e30c7') in 0.009823 seconds
  Import took 0.012863 seconds .

========================================================================
Received Import Request.
  Time since last request: 6.648984 seconds.
  path: Assets/Unity
  artifactKey: Guid(091586c3d4b014a47bd2c97459cd7964) Importer(815301076,1909f56bfc062723c751e8b465ee728b)
Start importing Assets/Unity using Guid(091586c3d4b014a47bd2c97459cd7964) Importer(815301076,1909f56bfc062723c751e8b465ee728b)  -> (artifact id: '55d475c4edf2791e55a9e1844cc5c7e3') in 0.006755 seconds
  Import took 0.009999 seconds .

========================================================================
Received Import Request.
  Time since last request: 1.140391 seconds.
  path: Assets/Unity/Standard Assets
  artifactKey: Guid(5560db2e6180bc74281c5d68d5f0aa23) Importer(815301076,1909f56bfc062723c751e8b465ee728b)
Start importing Assets/Unity/Standard Assets using Guid(5560db2e6180bc74281c5d68d5f0aa23) Importer(815301076,1909f56bfc062723c751e8b465ee728b)  -> (artifact id: 'f75ffdf7f15feee414e5b19ad983a88e') in 0.006391 seconds
  Import took 0.009515 seconds .

========================================================================
Received Import Request.
  Time since last request: 1.278375 seconds.
  path: Assets/Unity/Standard Assets/Environment
  artifactKey: Guid(6ca8c4e270f964e0da9f731d7d34b123) Importer(815301076,1909f56bfc062723c751e8b465ee728b)
Start importing Assets/Unity/Standard Assets/Environment using Guid(6ca8c4e270f964e0da9f731d7d34b123) Importer(815301076,1909f56bfc062723c751e8b465ee728b)  -> (artifact id: '2ce82d7512e55bdde0865919546a8e82') in 0.006010 seconds
  Import took 0.009095 seconds .

========================================================================
Received Import Request.
  Time since last request: 2.094744 seconds.
  path: Assets/Unity/Standard Assets/Environment/TerrainAssets
  artifactKey: Guid(7e6f84bf81c8d4de280f1133cff7e601) Importer(815301076,1909f56bfc062723c751e8b465ee728b)
Start importing Assets/Unity/Standard Assets/Environment/TerrainAssets using Guid(7e6f84bf81c8d4de280f1133cff7e601) Importer(815301076,1909f56bfc062723c751e8b465ee728b)  -> (artifact id: '459de595bb54cdfe578f2584605dcb04') in 0.006010 seconds
  Import took 0.009013 seconds .

========================================================================
Received Import Request.
  Time since last request: 2.696731 seconds.
  path: Assets/Window UI
  artifactKey: Guid(fee6b4970fd418548b27d1b132bd3e4f) Importer(815301076,1909f56bfc062723c751e8b465ee728b)
Start importing Assets/Window UI using Guid(fee6b4970fd418548b27d1b132bd3e4f) Importer(815301076,1909f56bfc062723c751e8b465ee728b)  -> (artifact id: 'dbc349ca0ef52ff25d623ab16fe60f44') in 0.006015 seconds
  Import took 0.009325 seconds .

========================================================================
Received Import Request.
  Time since last request: 0.874613 seconds.
  path: Assets/Window UI/Images
  artifactKey: Guid(0e29ed2daa248db49b47e1370b346491) Importer(815301076,1909f56bfc062723c751e8b465ee728b)
Start importing Assets/Window UI/Images using Guid(0e29ed2daa248db49b47e1370b346491) Importer(815301076,1909f56bfc062723c751e8b465ee728b)  -> (artifact id: '6b25efb364801d073bac772f05f78104') in 0.005870 seconds
  Import took 0.009083 seconds .

========================================================================
Received Import Request.
  Time since last request: 0.103394 seconds.
  path: Assets/Window UI/Images/Button_Info.png
  artifactKey: Guid(58266696d083af841b9dceda6880ebce) Importer(815301076,1909f56bfc062723c751e8b465ee728b)
Start importing Assets/Window UI/Images/Button_Info.png using Guid(58266696d083af841b9dceda6880ebce) Importer(815301076,1909f56bfc062723c751e8b465ee728b)  -> (artifact id: 'ecfc817da2357dda7d4bcac59eeb41b0') in 0.020379 seconds
  Import took 0.023403 seconds .

========================================================================
Received Import Request.
  Time since last request: 0.000146 seconds.
  path: Assets/Window UI/Images/Error.png
  artifactKey: Guid(eefd9dc24db21cc4bb24b658ffd00db9) Importer(815301076,1909f56bfc062723c751e8b465ee728b)
Start importing Assets/Window UI/Images/Error.png using Guid(eefd9dc24db21cc4bb24b658ffd00db9) Importer(815301076,1909f56bfc062723c751e8b465ee728b)  -> (artifact id: '27348ad4f1cfbacc701a0592901ae305') in 0.030340 seconds
  Import took 0.032856 seconds .

========================================================================
Received Import Request.
  Time since last request: 0.000177 seconds.
  path: Assets/Window UI/Images/warnning.png
  artifactKey: Guid(7c6e0aee185b9f548942851576350c0b) Importer(815301076,1909f56bfc062723c751e8b465ee728b)
Start importing Assets/Window UI/Images/warnning.png using Guid(7c6e0aee185b9f548942851576350c0b) Importer(815301076,1909f56bfc062723c751e8b465ee728b)  -> (artifact id: 'b52bc6f28c4b6e6039b3ee7083c0db8b') in 0.011945 seconds
  Import took 0.014705 seconds .

========================================================================
Received Import Request.
  Time since last request: 1.962100 seconds.
  path: Assets/Window UI Box
  artifactKey: Guid(c1e0bd8c5db14d640bd793b80dcac1ff) Importer(815301076,1909f56bfc062723c751e8b465ee728b)
Start importing Assets/Window UI Box using Guid(c1e0bd8c5db14d640bd793b80dcac1ff) Importer(815301076,1909f56bfc062723c751e8b465ee728b)  -> (artifact id: '6031ed272d2827916dcb6e7bd7ddbe6b') in 0.006112 seconds
  Import took 0.009424 seconds .

========================================================================
Received Import Request.
  Time since last request: 1.105431 seconds.
  path: Assets/Window UI Box/Error.png
  artifactKey: Guid(f868924e571bfd241b0c5d035414d020) Importer(815301076,1909f56bfc062723c751e8b465ee728b)
Start importing Assets/Window UI Box/Error.png using Guid(f868924e571bfd241b0c5d035414d020) Importer(815301076,1909f56bfc062723c751e8b465ee728b)  -> (artifact id: 'ba130ff9edc3a4f33d88312576231297') in 0.014817 seconds
  Import took 0.017900 seconds .

========================================================================
Received Import Request.
  Time since last request: 0.000165 seconds.
  path: Assets/Window UI Box/warnning.png
  artifactKey: Guid(a6def9cbbafcbbe4e91e99f28f0c14c9) Importer(815301076,1909f56bfc062723c751e8b465ee728b)
Start importing Assets/Window UI Box/warnning.png using Guid(a6def9cbbafcbbe4e91e99f28f0c14c9) Importer(815301076,1909f56bfc062723c751e8b465ee728b)  -> (artifact id: '8915bf0b754e3146cae85c029a7428b7') in 0.008847 seconds
  Import took 0.011414 seconds .

========================================================================
Received Import Request.
  Time since last request: 1.773257 seconds.
  path: Assets/MainMenu.unity
  artifactKey: Guid(03010ef8bcdc4e3458ec94f4e570cbb5) Importer(815301076,1909f56bfc062723c751e8b465ee728b)
Start importing Assets/MainMenu.unity using Guid(03010ef8bcdc4e3458ec94f4e570cbb5) Importer(815301076,1909f56bfc062723c751e8b465ee728b)  -> (artifact id: 'abbcc09656015b837cc4a824a7e51499') in 0.006888 seconds
  Import took 0.010309 seconds .

========================================================================
Received Import Request.
  Time since last request: 0.287301 seconds.
  path: Assets/Testing_Area.unity
  artifactKey: Guid(d31f5afd8a4394d44a9cb9728d84c3d5) Importer(815301076,1909f56bfc062723c751e8b465ee728b)
Start importing Assets/Testing_Area.unity using Guid(d31f5afd8a4394d44a9cb9728d84c3d5) Importer(815301076,1909f56bfc062723c751e8b465ee728b)  -> (artifact id: 'b6d400ec7b38234d17623358a1c2393a') in 0.006641 seconds
  Import took 0.009883 seconds .

========================================================================
Received Import Request.
  Time since last request: 0.349884 seconds.
  path: Assets/Testing_AreaSettings.lighting
  artifactKey: Guid(faa1f0a1a0f73a64dbdbfa6bb7c19dda) Importer(815301076,1909f56bfc062723c751e8b465ee728b)
Start importing Assets/Testing_AreaSettings.lighting using Guid(faa1f0a1a0f73a64dbdbfa6bb7c19dda) Importer(815301076,1909f56bfc062723c751e8b465ee728b) LightingSettings: switching bake backend from 1 to 0.
 -> (artifact id: '662a518f83bc4d9b99bfa7e7038cd7df') in 0.006899 seconds
  Import took 0.009893 seconds .

========================================================================
Received Import Request.
  Time since last request: 0.002701 seconds.
  path: Assets/Testing_AreaSettings.lighting
  artifactKey: Guid(faa1f0a1a0f73a64dbdbfa6bb7c19dda) Importer(815301076,1909f56bfc062723c751e8b465ee728b)
Start importing Assets/Testing_AreaSettings.lighting using Guid(faa1f0a1a0f73a64dbdbfa6bb7c19dda) Importer(815301076,1909f56bfc062723c751e8b465ee728b) LightingSettings: switching bake backend from 1 to 0.
 -> (artifact id: '662a518f83bc4d9b99bfa7e7038cd7df') in 0.002300 seconds
  Import took 0.005094 seconds .

========================================================================
Received Import Request.
  Time since last request: 8.545607 seconds.
  path: Assets/TODO.txt
  artifactKey: Guid(46dc89fb8f3957d4a81c649f18009282) Importer(815301076,1909f56bfc062723c751e8b465ee728b)
Start importing Assets/TODO.txt using Guid(46dc89fb8f3957d4a81c649f18009282) Importer(815301076,1909f56bfc062723c751e8b465ee728b)  -> (artifact id: '532b3c4b6543e693e6e0592c9cc5783e') in 0.008966 seconds
  Import took 0.012020 seconds .

========================================================================
Received Prepare
Registering precompiled user dll's ...
Registered in 0.002220 seconds.
Begin MonoManager ReloadAssembly
Native extension for WindowsStandalone target not found
Refreshing native plugins compatible for Editor in 0.74 ms, found 0 plugins.
Preloading 0 native plugins for Editor in 0.00 ms.
Mono: successfully reloaded assembly
- Completed reload, in  0.699 seconds
Platform modules already initialized, skipping
Refreshing native plugins compatible for Editor in 1.01 ms, found 0 plugins.
Preloading 0 native plugins for Editor in 0.00 ms.
Unloading 1930 Unused Serialized files (Serialized files now loaded: 0)
System memory in use before: 103.2 MB.
System memory in use after: 103.3 MB.

Unloading 44 unused Assets to reduce memory usage. Loaded Objects now: 2451.
Total: 4.732200 ms (FindLiveObjects: 0.242800 ms CreateObjectMapping: 0.042800 ms MarkObjects: 4.420300 ms  DeleteObjects: 0.024800 ms)

========================================================================
Received Prepare
Registering precompiled user dll's ...
Registered in 0.002114 seconds.
Begin MonoManager ReloadAssembly
Native extension for WindowsStandalone target not found
Refreshing native plugins compatible for Editor in 0.85 ms, found 0 plugins.
Preloading 0 native plugins for Editor in 0.00 ms.
Mono: successfully reloaded assembly
- Completed reload, in  0.737 seconds
Platform modules already initialized, skipping
Refreshing native plugins compatible for Editor in 0.71 ms, found 0 plugins.
Preloading 0 native plugins for Editor in 0.00 ms.
Unloading 1930 Unused Serialized files (Serialized files now loaded: 0)
System memory in use before: 103.2 MB.
System memory in use after: 103.3 MB.

Unloading 44 unused Assets to reduce memory usage. Loaded Objects now: 2454.
Total: 4.358800 ms (FindLiveObjects: 0.243200 ms CreateObjectMapping: 0.043000 ms MarkObjects: 4.051400 ms  DeleteObjects: 0.019800 ms)

========================================================================
Received Import Request.
  Time since last request: 22.703366 seconds.
  path: Assets/Scripts/World Mangement
  artifactKey: Guid(5bf18418cc75dce45b385fa159410e17) Importer(815301076,1909f56bfc062723c751e8b465ee728b)
Start importing Assets/Scripts/World Mangement using Guid(5bf18418cc75dce45b385fa159410e17) Importer(815301076,1909f56bfc062723c751e8b465ee728b)  -> (artifact id: 'bdf35417c1b2671b550eb511f6a436f5') in 0.008211 seconds
  Import took 0.011118 seconds .

========================================================================
Received Prepare
Registering precompiled user dll's ...
Registered in 0.002703 seconds.
Begin MonoManager ReloadAssembly
Native extension for WindowsStandalone target not found
Refreshing native plugins compatible for Editor in 0.74 ms, found 0 plugins.
Preloading 0 native plugins for Editor in 0.00 ms.
Mono: successfully reloaded assembly
- Completed reload, in  0.715 seconds
Platform modules already initialized, skipping
Refreshing native plugins compatible for Editor in 0.82 ms, found 0 plugins.
Preloading 0 native plugins for Editor in 0.00 ms.
Unloading 1930 Unused Serialized files (Serialized files now loaded: 0)
System memory in use before: 103.2 MB.
System memory in use after: 103.3 MB.

Unloading 44 unused Assets to reduce memory usage. Loaded Objects now: 2457.
Total: 5.262400 ms (FindLiveObjects: 0.283000 ms CreateObjectMapping: 0.043000 ms MarkObjects: 4.908100 ms  DeleteObjects: 0.026800 ms)

========================================================================
Received Prepare
Registering precompiled user dll's ...
Registered in 0.002001 seconds.
Begin MonoManager ReloadAssembly
Native extension for WindowsStandalone target not found
Refreshing native plugins compatible for Editor in 0.77 ms, found 0 plugins.
Preloading 0 native plugins for Editor in 0.00 ms.
Mono: successfully reloaded assembly
- Completed reload, in  0.712 seconds
Platform modules already initialized, skipping
Refreshing native plugins compatible for Editor in 0.76 ms, found 0 plugins.
Preloading 0 native plugins for Editor in 0.00 ms.
Unloading 1930 Unused Serialized files (Serialized files now loaded: 0)
System memory in use before: 103.2 MB.
System memory in use after: 103.3 MB.

Unloading 44 unused Assets to reduce memory usage. Loaded Objects now: 2460.
Total: 4.518900 ms (FindLiveObjects: 0.269600 ms CreateObjectMapping: 0.058300 ms MarkObjects: 4.171100 ms  DeleteObjects: 0.018700 ms)

========================================================================
Received Prepare
Registering precompiled user dll's ...
Registered in 0.002396 seconds.
Begin MonoManager ReloadAssembly
Native extension for WindowsStandalone target not found
Refreshing native plugins compatible for Editor in 0.82 ms, found 0 plugins.
Preloading 0 native plugins for Editor in 0.00 ms.
Mono: successfully reloaded assembly
- Completed reload, in  0.826 seconds
Platform modules already initialized, skipping
Refreshing native plugins compatible for Editor in 0.82 ms, found 0 plugins.
Preloading 0 native plugins for Editor in 0.00 ms.
Unloading 1930 Unused Serialized files (Serialized files now loaded: 0)
System memory in use before: 103.2 MB.
System memory in use after: 103.3 MB.

Unloading 44 unused Assets to reduce memory usage. Loaded Objects now: 2463.
Total: 5.659100 ms (FindLiveObjects: 0.334800 ms CreateObjectMapping: 0.041100 ms MarkObjects: 5.253600 ms  DeleteObjects: 0.027900 ms)

========================================================================
Received Import Request.
  Time since last request: 14657.670656 seconds.
  path: Assets/Scripts/UI
  artifactKey: Guid(41bb4e3c5099f514eb51503e1c84f1df) Importer(815301076,1909f56bfc062723c751e8b465ee728b)
Start importing Assets/Scripts/UI using Guid(41bb4e3c5099f514eb51503e1c84f1df) Importer(815301076,1909f56bfc062723c751e8b465ee728b)  -> (artifact id: '333896118c942867ecb67c4374c59fe0') in 0.011011 seconds
  Import took 0.014420 seconds .

========================================================================
Received Import Request.
  Time since last request: 1.810577 seconds.
  path: Assets/Scripts/UI/Settings.cs
  artifactKey: Guid(d95fd5251e899a84990545512ff712ec) Importer(815301076,1909f56bfc062723c751e8b465ee728b)
Start importing Assets/Scripts/UI/Settings.cs using Guid(d95fd5251e899a84990545512ff712ec) Importer(815301076,1909f56bfc062723c751e8b465ee728b)  -> (artifact id: 'aaa781021fd7714bf218669d3abd2bb5') in 0.005643 seconds
  Import took 0.008751 seconds .

========================================================================
Received Import Request.
  Time since last request: 0.000228 seconds.
  path: Assets/Scripts/UI/Settings.cs
  artifactKey: Guid(d95fd5251e899a84990545512ff712ec) Importer(815301076,1909f56bfc062723c751e8b465ee728b)
Start importing Assets/Scripts/UI/Settings.cs using Guid(d95fd5251e899a84990545512ff712ec) Importer(815301076,1909f56bfc062723c751e8b465ee728b)  -> (artifact id: 'aaa781021fd7714bf218669d3abd2bb5') in 0.001919 seconds
  Import took 0.004705 seconds .

========================================================================
Received Prepare
Registering precompiled user dll's ...
Registered in 0.002642 seconds.
Begin MonoManager ReloadAssembly
Native extension for WindowsStandalone target not found
Refreshing native plugins compatible for Editor in 0.86 ms, found 0 plugins.
Preloading 0 native plugins for Editor in 0.00 ms.
Mono: successfully reloaded assembly
- Completed reload, in  0.698 seconds
Platform modules already initialized, skipping
Refreshing native plugins compatible for Editor in 0.70 ms, found 0 plugins.
Preloading 0 native plugins for Editor in 0.00 ms.
Unloading 1930 Unused Serialized files (Serialized files now loaded: 0)
System memory in use before: 103.2 MB.
System memory in use after: 103.3 MB.

Unloading 44 unused Assets to reduce memory usage. Loaded Objects now: 2466.
Total: 4.680300 ms (FindLiveObjects: 0.263900 ms CreateObjectMapping: 0.042800 ms MarkObjects: 4.350200 ms  DeleteObjects: 0.022200 ms)

========================================================================
Received Import Request.
  Time since last request: 42.163937 seconds.
  path: Assets/Scripts/UI/Settings.cs
  artifactKey: Guid(d95fd5251e899a84990545512ff712ec) Importer(815301076,1909f56bfc062723c751e8b465ee728b)
Start importing Assets/Scripts/UI/Settings.cs using Guid(d95fd5251e899a84990545512ff712ec) Importer(815301076,1909f56bfc062723c751e8b465ee728b)  -> (artifact id: '1873aa775a1eda5b1e41828e3310dfaa') in 0.004849 seconds
  Import took 0.007632 seconds .

========================================================================
Received Prepare
Registering precompiled user dll's ...
Registered in 0.002150 seconds.
Begin MonoManager ReloadAssembly
Native extension for WindowsStandalone target not found
Refreshing native plugins compatible for Editor in 0.79 ms, found 0 plugins.
Preloading 0 native plugins for Editor in 0.00 ms.
Mono: successfully reloaded assembly
- Completed reload, in  0.696 seconds
Platform modules already initialized, skipping
Refreshing native plugins compatible for Editor in 0.82 ms, found 0 plugins.
Preloading 0 native plugins for Editor in 0.00 ms.
Unloading 1930 Unused Serialized files (Serialized files now loaded: 0)
System memory in use before: 103.2 MB.
System memory in use after: 103.3 MB.

Unloading 44 unused Assets to reduce memory usage. Loaded Objects now: 2469.
Total: 4.890500 ms (FindLiveObjects: 0.309100 ms CreateObjectMapping: 0.046500 ms MarkObjects: 4.510500 ms  DeleteObjects: 0.023100 ms)

========================================================================
Received Prepare
Registering precompiled user dll's ...
Registered in 0.002250 seconds.
Begin MonoManager ReloadAssembly
Native extension for WindowsStandalone target not found
Refreshing native plugins compatible for Editor in 0.75 ms, found 0 plugins.
Preloading 0 native plugins for Editor in 0.00 ms.
Mono: successfully reloaded assembly
- Completed reload, in  0.687 seconds
Platform modules already initialized, skipping
Refreshing native plugins compatible for Editor in 0.72 ms, found 0 plugins.
Preloading 0 native plugins for Editor in 0.00 ms.
Unloading 1930 Unused Serialized files (Serialized files now loaded: 0)
System memory in use before: 103.2 MB.
System memory in use after: 103.4 MB.

Unloading 44 unused Assets to reduce memory usage. Loaded Objects now: 2472.
Total: 4.369800 ms (FindLiveObjects: 0.263000 ms CreateObjectMapping: 0.047500 ms MarkObjects: 4.040100 ms  DeleteObjects: 0.018200 ms)

========================================================================
Received Prepare
Registering precompiled user dll's ...
Registered in 0.002642 seconds.
Begin MonoManager ReloadAssembly
Native extension for WindowsStandalone target not found
Refreshing native plugins compatible for Editor in 0.79 ms, found 0 plugins.
Preloading 0 native plugins for Editor in 0.00 ms.
Mono: successfully reloaded assembly
- Completed reload, in  0.835 seconds
Platform modules already initialized, skipping
Refreshing native plugins compatible for Editor in 0.84 ms, found 0 plugins.
Preloading 0 native plugins for Editor in 0.00 ms.
Unloading 1930 Unused Serialized files (Serialized files now loaded: 0)
System memory in use before: 103.3 MB.
System memory in use after: 103.4 MB.

Unloading 44 unused Assets to reduce memory usage. Loaded Objects now: 2475.
Total: 5.164600 ms (FindLiveObjects: 0.292900 ms CreateObjectMapping: 0.045600 ms MarkObjects: 4.795300 ms  DeleteObjects: 0.029400 ms)

========================================================================
Received Import Request.
  Time since last request: 134.371374 seconds.
  path: Assets/Project.unity
  artifactKey: Guid(9c61c3512999ad347875a6a947fa9a35) Importer(815301076,1909f56bfc062723c751e8b465ee728b)
Start importing Assets/Project.unity using Guid(9c61c3512999ad347875a6a947fa9a35) Importer(815301076,1909f56bfc062723c751e8b465ee728b)  -> (artifact id: 'b483f3e8c1239e50a41a1398348a5294') in 0.013819 seconds
  Import took 0.016988 seconds .

========================================================================
Received Import Request.
  Time since last request: 0.000470 seconds.
  path: Assets/Project.unity
  artifactKey: Guid(9c61c3512999ad347875a6a947fa9a35) Importer(815301076,1909f56bfc062723c751e8b465ee728b)
Start importing Assets/Project.unity using Guid(9c61c3512999ad347875a6a947fa9a35) Importer(815301076,1909f56bfc062723c751e8b465ee728b)  -> (artifact id: 'b483f3e8c1239e50a41a1398348a5294') in 0.002139 seconds
  Import took 0.004833 seconds .

========================================================================
Received Import Request.
  Time since last request: 0.812137 seconds.
  path: Assets/MainMenu.unity
  artifactKey: Guid(03010ef8bcdc4e3458ec94f4e570cbb5) Importer(815301076,1909f56bfc062723c751e8b465ee728b)
Start importing Assets/MainMenu.unity using Guid(03010ef8bcdc4e3458ec94f4e570cbb5) Importer(815301076,1909f56bfc062723c751e8b465ee728b)  -> (artifact id: '18a3610665f8508ce690e54a9834546d') in 0.002382 seconds
  Import took 0.005493 seconds .

========================================================================
Received Prepare
Registering precompiled user dll's ...
Registered in 0.002418 seconds.
Begin MonoManager ReloadAssembly
Native extension for WindowsStandalone target not found
Refreshing native plugins compatible for Editor in 0.73 ms, found 0 plugins.
Preloading 0 native plugins for Editor in 0.00 ms.
Mono: successfully reloaded assembly
- Completed reload, in  0.715 seconds
Platform modules already initialized, skipping
Refreshing native plugins compatible for Editor in 0.70 ms, found 0 plugins.
Preloading 0 native plugins for Editor in 0.00 ms.
Unloading 1930 Unused Serialized files (Serialized files now loaded: 0)
System memory in use before: 103.3 MB.
System memory in use after: 103.4 MB.

Unloading 44 unused Assets to reduce memory usage. Loaded Objects now: 2478.
Total: 4.378000 ms (FindLiveObjects: 0.202300 ms CreateObjectMapping: 0.042500 ms MarkObjects: 4.113400 ms  DeleteObjects: 0.019000 ms)

========================================================================
Received Import Request.
  Time since last request: 235.829779 seconds.
  path: Assets/Resources/CapsuleObject.prefab
  artifactKey: Guid(07803310cebba404e9a88b039ae2c99c) Importer(815301076,1909f56bfc062723c751e8b465ee728b)
Start importing Assets/Resources/CapsuleObject.prefab using Guid(07803310cebba404e9a88b039ae2c99c) Importer(815301076,1909f56bfc062723c751e8b465ee728b)  -> (artifact id: 'e0389f51bd5f5e0fe222b7788960573e') in 0.067670 seconds
  Import took 0.071047 seconds .

========================================================================
Received Import Request.
  Time since last request: 19.054435 seconds.
  path: Assets/Resources/CylinderObject.prefab
  artifactKey: Guid(1a54e8ea76bae2f48912b7a824bca340) Importer(815301076,1909f56bfc062723c751e8b465ee728b)
Start importing Assets/Resources/CylinderObject.prefab using Guid(1a54e8ea76bae2f48912b7a824bca340) Importer(815301076,1909f56bfc062723c751e8b465ee728b)  -> (artifact id: 'c9ae01ad8a32c8e5557e42aedfbc3ce6') in 0.010462 seconds
  Import took 0.013864 seconds .

========================================================================
Received Import Request.
  Time since last request: 15.736454 seconds.
  path: Assets/Resources/FreeWay.prefab
  artifactKey: Guid(a46e6fbc11edac347b7d50d23b8569c3) Importer(815301076,1909f56bfc062723c751e8b465ee728b)
Start importing Assets/Resources/FreeWay.prefab using Guid(a46e6fbc11edac347b7d50d23b8569c3) Importer(815301076,1909f56bfc062723c751e8b465ee728b)  -> (artifact id: 'fa9eecc65d4299184b62a7b58d72a165') in 0.012409 seconds
  Import took 0.015793 seconds .

========================================================================
Received Import Request.
  Time since last request: 21.281226 seconds.
  path: Assets/Resources/FreeWay.prefab
  artifactKey: Guid(a46e6fbc11edac347b7d50d23b8569c3) Importer(815301076,1909f56bfc062723c751e8b465ee728b)
Start importing Assets/Resources/FreeWay.prefab using Guid(a46e6fbc11edac347b7d50d23b8569c3) Importer(815301076,1909f56bfc062723c751e8b465ee728b)  -> (artifact id: '639e88c47c6580791d86d54583412f83') in 0.008506 seconds
  Import took 0.012265 seconds .

========================================================================
Received Import Request.
  Time since last request: 3.619791 seconds.
  path: Assets/Resources/FreeWay.prefab
  artifactKey: Guid(a46e6fbc11edac347b7d50d23b8569c3) Importer(815301076,1909f56bfc062723c751e8b465ee728b)
Start importing Assets/Resources/FreeWay.prefab using Guid(a46e6fbc11edac347b7d50d23b8569c3) Importer(815301076,1909f56bfc062723c751e8b465ee728b)  -> (artifact id: '82044fa748b236a1959e494d856845df') in 0.008032 seconds
  Import took 0.011614 seconds .

========================================================================
Received Prepare
Registering precompiled user dll's ...
Registered in 0.002396 seconds.
Begin MonoManager ReloadAssembly
Native extension for WindowsStandalone target not found
Refreshing native plugins compatible for Editor in 1.09 ms, found 0 plugins.
Preloading 0 native plugins for Editor in 0.00 ms.
Mono: successfully reloaded assembly
- Completed reload, in  0.848 seconds
Platform modules already initialized, skipping
Refreshing native plugins compatible for Editor in 0.76 ms, found 0 plugins.
Preloading 0 native plugins for Editor in 0.00 ms.
Unloading 1930 Unused Serialized files (Serialized files now loaded: 0)
System memory in use before: 103.5 MB.
System memory in use after: 103.6 MB.

Unloading 50 unused Assets to reduce memory usage. Loaded Objects now: 2487.
Total: 5.468600 ms (FindLiveObjects: 0.356600 ms CreateObjectMapping: 0.042600 ms MarkObjects: 5.009000 ms  DeleteObjects: 0.058900 ms)

========================================================================
Received Import Request.
  Time since last request: 59.537754 seconds.
  path: Assets/Resources/CapsuleObject.prefab
  artifactKey: Guid(07803310cebba404e9a88b039ae2c99c) Importer(815301076,1909f56bfc062723c751e8b465ee728b)
Start importing Assets/Resources/CapsuleObject.prefab using Guid(07803310cebba404e9a88b039ae2c99c) Importer(815301076,1909f56bfc062723c751e8b465ee728b)  -> (artifact id: '780c437f2ac95988170579ea0b7ab660') in 0.076766 seconds
  Import took 0.080528 seconds .

========================================================================
Received Import Request.
  Time since last request: 8.820816 seconds.
  path: Assets/Resources/CapsuleObject.prefab
  artifactKey: Guid(07803310cebba404e9a88b039ae2c99c) Importer(815301076,1909f56bfc062723c751e8b465ee728b)
Start importing Assets/Resources/CapsuleObject.prefab using Guid(07803310cebba404e9a88b039ae2c99c) Importer(815301076,1909f56bfc062723c751e8b465ee728b)  -> (artifact id: '3b2b9b9f96614fc27adbd614dc5289d2') in 0.007608 seconds
  Import took 0.010901 seconds .

========================================================================
Received Import Request.
  Time since last request: 25.729394 seconds.
  path: Assets/Resources/SphereObject.prefab
  artifactKey: Guid(da881b0bc3a0597429f7fd23e0914011) Importer(815301076,1909f56bfc062723c751e8b465ee728b)
Start importing Assets/Resources/SphereObject.prefab using Guid(da881b0bc3a0597429f7fd23e0914011) Importer(815301076,1909f56bfc062723c751e8b465ee728b)  -> (artifact id: '605ae56b682057ec3e16dd769414a58c') in 0.011409 seconds
  Import took 0.014900 seconds .

========================================================================
Received Import Request.
  Time since last request: 3.711107 seconds.
  path: Assets/Resources/SphereObject.prefab
  artifactKey: Guid(da881b0bc3a0597429f7fd23e0914011) Importer(815301076,1909f56bfc062723c751e8b465ee728b)
Start importing Assets/Resources/SphereObject.prefab using Guid(da881b0bc3a0597429f7fd23e0914011) Importer(815301076,1909f56bfc062723c751e8b465ee728b)  -> (artifact id: '7b012e1adb2a3a9a5c6278a93e7dcc0d') in 0.007725 seconds
  Import took 0.011307 seconds .

========================================================================
Received Import Request.
  Time since last request: 7.964663 seconds.
  path: Assets/Resources/CylinderObject.prefab
  artifactKey: Guid(1a54e8ea76bae2f48912b7a824bca340) Importer(815301076,1909f56bfc062723c751e8b465ee728b)
Start importing Assets/Resources/CylinderObject.prefab using Guid(1a54e8ea76bae2f48912b7a824bca340) Importer(815301076,1909f56bfc062723c751e8b465ee728b)  -> (artifact id: '6de3201b8a767226c0f2d44b62d23788') in 0.006454 seconds
  Import took 0.009842 seconds .

========================================================================
Received Import Request.
  Time since last request: 16.094481 seconds.
  path: Assets/Resources/FreeWay.prefab
  artifactKey: Guid(a46e6fbc11edac347b7d50d23b8569c3) Importer(815301076,1909f56bfc062723c751e8b465ee728b)
Start importing Assets/Resources/FreeWay.prefab using Guid(a46e6fbc11edac347b7d50d23b8569c3) Importer(815301076,1909f56bfc062723c751e8b465ee728b)  -> (artifact id: '1a544f37921103726b2010540512af87') in 0.008927 seconds
  Import took 0.012576 seconds .

========================================================================
Received Import Request.
  Time since last request: 323.476963 seconds.
  path: Assets/Scripts/Buttons
  artifactKey: Guid(e4f953a0f1f782b4b85b8a04b240f23d) Importer(815301076,1909f56bfc062723c751e8b465ee728b)
Start importing Assets/Scripts/Buttons using Guid(e4f953a0f1f782b4b85b8a04b240f23d) Importer(815301076,1909f56bfc062723c751e8b465ee728b)  -> (artifact id: '744e4929f5f91cb1a6cb1b8cff0d0b6e') in 0.005869 seconds
  Import took 0.009392 seconds .

========================================================================
Received Import Request.
  Time since last request: 6.140265 seconds.
  path: Assets/Scripts/API
  artifactKey: Guid(bb8b9b236c2cda54196571aa93f2841d) Importer(815301076,1909f56bfc062723c751e8b465ee728b)
Start importing Assets/Scripts/API using Guid(bb8b9b236c2cda54196571aa93f2841d) Importer(815301076,1909f56bfc062723c751e8b465ee728b)  -> (artifact id: '25f80027e9cf7d8b32fa373004c9a833') in 0.005609 seconds
  Import took 0.008765 seconds .

========================================================================
Received Import Request.
  Time since last request: 1.085166 seconds.
  path: Assets/Scripts/KeyButton
  artifactKey: Guid(b6f8894aa5b0a9c4ba5393d41fd628a6) Importer(815301076,1909f56bfc062723c751e8b465ee728b)
Start importing Assets/Scripts/KeyButton using Guid(b6f8894aa5b0a9c4ba5393d41fd628a6) Importer(815301076,1909f56bfc062723c751e8b465ee728b)  -> (artifact id: '0287930ecddfff0fa08db684ac9af7a1') in 0.006152 seconds
  Import took 0.009676 seconds .

========================================================================
Received Import Request.
  Time since last request: 0.539433 seconds.
  path: Assets/Scripts/Other
  artifactKey: Guid(07f5db3f4e868f946b7a98466e735cb1) Importer(815301076,1909f56bfc062723c751e8b465ee728b)
Start importing Assets/Scripts/Other using Guid(07f5db3f4e868f946b7a98466e735cb1) Importer(815301076,1909f56bfc062723c751e8b465ee728b)  -> (artifact id: 'f0dbb424b6c279a4241599dd47ed446c') in 0.005604 seconds
  Import took 0.008720 seconds .

========================================================================
Received Import Request.
  Time since last request: 0.796720 seconds.
  path: Assets/Scripts/Player Controls and Movement
  artifactKey: Guid(68e2575838ac4254f8364fe268d5ad37) Importer(815301076,1909f56bfc062723c751e8b465ee728b)
Start importing Assets/Scripts/Player Controls and Movement using Guid(68e2575838ac4254f8364fe268d5ad37) Importer(815301076,1909f56bfc062723c751e8b465ee728b)  -> (artifact id: 'da996f164866d295a51818e865969eac') in 0.006068 seconds
  Import took 0.009278 seconds .

========================================================================
Received Import Request.
  Time since last request: 9.265722 seconds.
  path: Assets/Scripts/Player Controls and Movement/FallDown.cs
  artifactKey: Guid(1f5c185f59576de4b8015ea95a99e67a) Importer(815301076,1909f56bfc062723c751e8b465ee728b)
Start importing Assets/Scripts/Player Controls and Movement/FallDown.cs using Guid(1f5c185f59576de4b8015ea95a99e67a) Importer(815301076,1909f56bfc062723c751e8b465ee728b)  -> (artifact id: '407564dc9cf1df50f47eaac5a3313369') in 0.007530 seconds
  Import took 0.010886 seconds .

========================================================================
Received Prepare
Registering precompiled user dll's ...
Registered in 0.002374 seconds.
Begin MonoManager ReloadAssembly
Native extension for WindowsStandalone target not found
Refreshing native plugins compatible for Editor in 0.73 ms, found 0 plugins.
Preloading 0 native plugins for Editor in 0.00 ms.
Mono: successfully reloaded assembly
- Completed reload, in  0.699 seconds
Platform modules already initialized, skipping
Refreshing native plugins compatible for Editor in 0.74 ms, found 0 plugins.
Preloading 0 native plugins for Editor in 0.00 ms.
Unloading 1930 Unused Serialized files (Serialized files now loaded: 0)
System memory in use before: 103.6 MB.
System memory in use after: 103.7 MB.

Unloading 50 unused Assets to reduce memory usage. Loaded Objects now: 2492.
Total: 4.426000 ms (FindLiveObjects: 0.224000 ms CreateObjectMapping: 0.040700 ms MarkObjects: 4.116600 ms  DeleteObjects: 0.043800 ms)

========================================================================
Received Import Request.
  Time since last request: 7.853959 seconds.
  path: Assets/Scripts/Player Controls and Movement/DuplicateObject.cs
  artifactKey: Guid(55cdf71a1af155c4b955d518b563684f) Importer(815301076,1909f56bfc062723c751e8b465ee728b)
Start importing Assets/Scripts/Player Controls and Movement/DuplicateObject.cs using Guid(55cdf71a1af155c4b955d518b563684f) Importer(815301076,1909f56bfc062723c751e8b465ee728b)  -> (artifact id: '9dcc9aa297018dca0cd9cef92cbfe87e') in 0.008618 seconds
  Import took 0.011847 seconds .

========================================================================
Received Import Request.
  Time since last request: 0.595296 seconds.
  path: Assets/Scripts/Player Controls and Movement/Delete.cs
  artifactKey: Guid(83a38f8e3cdf18f4f859d1190c9ec514) Importer(815301076,1909f56bfc062723c751e8b465ee728b)
Start importing Assets/Scripts/Player Controls and Movement/Delete.cs using Guid(83a38f8e3cdf18f4f859d1190c9ec514) Importer(815301076,1909f56bfc062723c751e8b465ee728b)  -> (artifact id: '63b425acb612eac175ab34452600c271') in 0.006259 seconds
  Import took 0.009377 seconds .

========================================================================
Received Import Request.
  Time since last request: 0.691128 seconds.
  path: Assets/Scripts/Player Controls and Movement/Ins_AlwaysSet.cs
  artifactKey: Guid(8411febed25d5d74daae8d5c783a73eb) Importer(815301076,1909f56bfc062723c751e8b465ee728b)
Start importing Assets/Scripts/Player Controls and Movement/Ins_AlwaysSet.cs using Guid(8411febed25d5d74daae8d5c783a73eb) Importer(815301076,1909f56bfc062723c751e8b465ee728b)  -> (artifact id: '62a69a53330b61e220e7465c0c46f345') in 0.006687 seconds
  Import took 0.009890 seconds .

========================================================================
Received Import Request.
  Time since last request: 0.395448 seconds.
  path: Assets/Scripts/Player Controls and Movement/Inspector.cs
  artifactKey: Guid(ddabb58fed8465a43a92cdb7305d33b2) Importer(815301076,1909f56bfc062723c751e8b465ee728b)
Start importing Assets/Scripts/Player Controls and Movement/Inspector.cs using Guid(ddabb58fed8465a43a92cdb7305d33b2) Importer(815301076,1909f56bfc062723c751e8b465ee728b)  -> (artifact id: '1a4a3cffdf1bfa9179f878a0a6366e31') in 0.008225 seconds
  Import took 0.011291 seconds .

========================================================================
Received Import Request.
  Time since last request: 0.001682 seconds.
  path: Assets/Scripts/Player Controls and Movement/Inspector.cs
  artifactKey: Guid(ddabb58fed8465a43a92cdb7305d33b2) Importer(815301076,1909f56bfc062723c751e8b465ee728b)
Start importing Assets/Scripts/Player Controls and Movement/Inspector.cs using Guid(ddabb58fed8465a43a92cdb7305d33b2) Importer(815301076,1909f56bfc062723c751e8b465ee728b)  -> (artifact id: '1a4a3cffdf1bfa9179f878a0a6366e31') in 0.001948 seconds
  Import took 0.004782 seconds .

========================================================================
Received Import Request.
  Time since last request: 1.005620 seconds.
  path: Assets/Scripts/Player Controls and Movement/SpawnObject.cs
  artifactKey: Guid(ccbfaffede77a05438ce8498b5a26678) Importer(815301076,1909f56bfc062723c751e8b465ee728b)
Start importing Assets/Scripts/Player Controls and Movement/SpawnObject.cs using Guid(ccbfaffede77a05438ce8498b5a26678) Importer(815301076,1909f56bfc062723c751e8b465ee728b)  -> (artifact id: '5b14d3c49d432ca44b74507a8901601c') in 0.006229 seconds
  Import took 0.009248 seconds .

========================================================================
Received Import Request.
  Time since last request: 0.000994 seconds.
  path: Assets/Scripts/Player Controls and Movement/SpawnObject.cs
  artifactKey: Guid(ccbfaffede77a05438ce8498b5a26678) Importer(815301076,1909f56bfc062723c751e8b465ee728b)
Start importing Assets/Scripts/Player Controls and Movement/SpawnObject.cs using Guid(ccbfaffede77a05438ce8498b5a26678) Importer(815301076,1909f56bfc062723c751e8b465ee728b)  -> (artifact id: '5b14d3c49d432ca44b74507a8901601c') in 0.001903 seconds
  Import took 0.004570 seconds .

========================================================================
Received Prepare
Registering precompiled user dll's ...
Registered in 0.002976 seconds.
Begin MonoManager ReloadAssembly
Native extension for WindowsStandalone target not found
Refreshing native plugins compatible for Editor in 0.73 ms, found 0 plugins.
Preloading 0 native plugins for Editor in 0.00 ms.
Mono: successfully reloaded assembly
- Completed reload, in  0.736 seconds
Platform modules already initialized, skipping
Refreshing native plugins compatible for Editor in 0.74 ms, found 0 plugins.
Preloading 0 native plugins for Editor in 0.00 ms.
Unloading 1930 Unused Serialized files (Serialized files now loaded: 0)
System memory in use before: 103.6 MB.
System memory in use after: 103.7 MB.

Unloading 44 unused Assets to reduce memory usage. Loaded Objects now: 2495.
Total: 4.597800 ms (FindLiveObjects: 0.262500 ms CreateObjectMapping: 0.043700 ms MarkObjects: 4.267800 ms  DeleteObjects: 0.022500 ms)

========================================================================
Received Import Request.
  Time since last request: 95.638122 seconds.
  path: Assets/Scripts/Player Controls and Movement/SpawnObject.cs
  artifactKey: Guid(ccbfaffede77a05438ce8498b5a26678) Importer(815301076,1909f56bfc062723c751e8b465ee728b)
Start importing Assets/Scripts/Player Controls and Movement/SpawnObject.cs using Guid(ccbfaffede77a05438ce8498b5a26678) Importer(815301076,1909f56bfc062723c751e8b465ee728b)  -> (artifact id: 'd7eebbd8b9462729fe6bca3112e444e9') in 0.004958 seconds
  Import took 0.007908 seconds .

========================================================================
Received Import Request.
  Time since last request: 190.515085 seconds.
  path: Assets/Scripts/Player Controls and Movement/Inspector_Selector.cs
  artifactKey: Guid(0e469f97ddb27ef44b2256120c1565d5) Importer(815301076,1909f56bfc062723c751e8b465ee728b)
Start importing Assets/Scripts/Player Controls and Movement/Inspector_Selector.cs using Guid(0e469f97ddb27ef44b2256120c1565d5) Importer(815301076,1909f56bfc062723c751e8b465ee728b)  -> (artifact id: 'd6685d2ca693f9af21e7db42a851bc3d') in 0.007942 seconds
  Import took 0.012246 seconds .

========================================================================
Received Import Request.
  Time since last request: 23.428733 seconds.
  path: Assets/Scripts/Settings
  artifactKey: Guid(bc51cbe7b2a0c3a41a60aa8207f6d9ca) Importer(815301076,1909f56bfc062723c751e8b465ee728b)
Start importing Assets/Scripts/Settings using Guid(bc51cbe7b2a0c3a41a60aa8207f6d9ca) Importer(815301076,1909f56bfc062723c751e8b465ee728b)  -> (artifact id: 'ad4338139403a56405114612a5b9b66f') in 0.003570 seconds
  Import took 0.006730 seconds .

========================================================================
Received Import Request.
  Time since last request: 2.836063 seconds.
  path: Assets/Scripts/Settings/SettingsManager.cs
  artifactKey: Guid(b11024c54e1985b4c87c40abae4e699c) Importer(815301076,1909f56bfc062723c751e8b465ee728b)
Start importing Assets/Scripts/Settings/SettingsManager.cs using Guid(b11024c54e1985b4c87c40abae4e699c) Importer(815301076,1909f56bfc062723c751e8b465ee728b)  -> (artifact id: '1eb1aa271b2c4a4537baa9ec31a2b626') in 0.007258 seconds
  Import took 0.010301 seconds .

========================================================================
Received Import Request.
  Time since last request: 84.887055 seconds.
  path: Assets/Scripts/Settings/SettingSlider.cs
  artifactKey: Guid(f0a6f36bb6db1f14ba4805663535074b) Importer(815301076,1909f56bfc062723c751e8b465ee728b)
Start importing Assets/Scripts/Settings/SettingSlider.cs using Guid(f0a6f36bb6db1f14ba4805663535074b) Importer(815301076,1909f56bfc062723c751e8b465ee728b)  -> (artifact id: '3d95b627e97db82efef43e79eb549052') in 0.007947 seconds
  Import took 0.011058 seconds .

========================================================================
Received Prepare
Registering precompiled user dll's ...
Registered in 0.002387 seconds.
Begin MonoManager ReloadAssembly
Native extension for WindowsStandalone target not found
Refreshing native plugins compatible for Editor in 0.72 ms, found 0 plugins.
Preloading 0 native plugins for Editor in 0.00 ms.
Mono: successfully reloaded assembly
- Completed reload, in  0.685 seconds
Platform modules already initialized, skipping
Refreshing native plugins compatible for Editor in 0.71 ms, found 0 plugins.
Preloading 0 native plugins for Editor in 0.00 ms.
Unloading 1930 Unused Serialized files (Serialized files now loaded: 0)
System memory in use before: 103.6 MB.
System memory in use after: 103.7 MB.

Unloading 44 unused Assets to reduce memory usage. Loaded Objects now: 2498.
Total: 4.418100 ms (FindLiveObjects: 0.266300 ms CreateObjectMapping: 0.054800 ms MarkObjects: 4.077300 ms  DeleteObjects: 0.018900 ms)

========================================================================
Received Import Request.
  Time since last request: 37.852120 seconds.
  path: Assets/Scripts/Player Controls and Movement/SpawnObject.cs
  artifactKey: Guid(ccbfaffede77a05438ce8498b5a26678) Importer(815301076,1909f56bfc062723c751e8b465ee728b)
Start importing Assets/Scripts/Player Controls and Movement/SpawnObject.cs using Guid(ccbfaffede77a05438ce8498b5a26678) Importer(815301076,1909f56bfc062723c751e8b465ee728b)  -> (artifact id: '8a4e361abbb06d3e75aadbd60670ad51') in 0.004856 seconds
  Import took 0.007681 seconds .

========================================================================
Received Prepare
Registering precompiled user dll's ...
Registered in 0.002171 seconds.
Begin MonoManager ReloadAssembly
Native extension for WindowsStandalone target not found
Refreshing native plugins compatible for Editor in 0.72 ms, found 0 plugins.
Preloading 0 native plugins for Editor in 0.00 ms.
Mono: successfully reloaded assembly
- Completed reload, in  0.697 seconds
Platform modules already initialized, skipping
Refreshing native plugins compatible for Editor in 0.71 ms, found 0 plugins.
Preloading 0 native plugins for Editor in 0.00 ms.
Unloading 1930 Unused Serialized files (Serialized files now loaded: 0)
System memory in use before: 103.6 MB.
System memory in use after: 103.7 MB.

Unloading 44 unused Assets to reduce memory usage. Loaded Objects now: 2501.
Total: 4.390800 ms (FindLiveObjects: 0.253100 ms CreateObjectMapping: 0.044100 ms MarkObjects: 4.072000 ms  DeleteObjects: 0.020800 ms)

========================================================================
Received Prepare
Registering precompiled user dll's ...
Registered in 0.002524 seconds.
Begin MonoManager ReloadAssembly
Native extension for WindowsStandalone target not found
Refreshing native plugins compatible for Editor in 0.73 ms, found 0 plugins.
Preloading 0 native plugins for Editor in 0.00 ms.
Mono: successfully reloaded assembly
- Completed reload, in  0.693 seconds
Platform modules already initialized, skipping
Refreshing native plugins compatible for Editor in 0.72 ms, found 0 plugins.
Preloading 0 native plugins for Editor in 0.00 ms.
Unloading 1930 Unused Serialized files (Serialized files now loaded: 0)
System memory in use before: 103.6 MB.
System memory in use after: 103.7 MB.

Unloading 44 unused Assets to reduce memory usage. Loaded Objects now: 2504.
Total: 4.500900 ms (FindLiveObjects: 0.286100 ms CreateObjectMapping: 0.055400 ms MarkObjects: 4.140000 ms  DeleteObjects: 0.018300 ms)

========================================================================
Received Import Request.
  Time since last request: 160.606811 seconds.
  path: Assets/Scripts/Player Controls and Movement/SpawnObject.cs
  artifactKey: Guid(ccbfaffede77a05438ce8498b5a26678) Importer(815301076,1909f56bfc062723c751e8b465ee728b)
Start importing Assets/Scripts/Player Controls and Movement/SpawnObject.cs using Guid(ccbfaffede77a05438ce8498b5a26678) Importer(815301076,1909f56bfc062723c751e8b465ee728b)  -> (artifact id: '345ba82b4ec232b27b68aeba7915e6a1') in 0.008214 seconds
  Import took 0.011019 seconds .

========================================================================
Received Prepare
Registering precompiled user dll's ...
Registered in 0.002015 seconds.
Begin MonoManager ReloadAssembly
Native extension for WindowsStandalone target not found
Refreshing native plugins compatible for Editor in 0.76 ms, found 0 plugins.
Preloading 0 native plugins for Editor in 0.00 ms.
Mono: successfully reloaded assembly
- Completed reload, in  0.690 seconds
Platform modules already initialized, skipping
Refreshing native plugins compatible for Editor in 0.73 ms, found 0 plugins.
Preloading 0 native plugins for Editor in 0.00 ms.
Unloading 1930 Unused Serialized files (Serialized files now loaded: 0)
System memory in use before: 103.6 MB.
System memory in use after: 103.7 MB.

Unloading 44 unused Assets to reduce memory usage. Loaded Objects now: 2507.
Total: 4.411100 ms (FindLiveObjects: 0.253500 ms CreateObjectMapping: 0.046800 ms MarkObjects: 4.089900 ms  DeleteObjects: 0.019900 ms)

========================================================================
Received Prepare
Registering precompiled user dll's ...
Registered in 0.002566 seconds.
Begin MonoManager ReloadAssembly
Native extension for WindowsStandalone target not found
Refreshing native plugins compatible for Editor in 0.73 ms, found 0 plugins.
Preloading 0 native plugins for Editor in 0.00 ms.
Mono: successfully reloaded assembly
- Completed reload, in  0.692 seconds
Platform modules already initialized, skipping
Refreshing native plugins compatible for Editor in 0.83 ms, found 0 plugins.
Preloading 0 native plugins for Editor in 0.00 ms.
Unloading 1930 Unused Serialized files (Serialized files now loaded: 0)
System memory in use before: 103.6 MB.
System memory in use after: 103.7 MB.

Unloading 44 unused Assets to reduce memory usage. Loaded Objects now: 2510.
Total: 5.640100 ms (FindLiveObjects: 0.269100 ms CreateObjectMapping: 0.045000 ms MarkObjects: 5.295400 ms  DeleteObjects: 0.029500 ms)

========================================================================
Received Import Request.
  Time since last request: 285.175117 seconds.
  path: Assets/MainMenu.unity
  artifactKey: Guid(03010ef8bcdc4e3458ec94f4e570cbb5) Importer(815301076,1909f56bfc062723c751e8b465ee728b)
Start importing Assets/MainMenu.unity using Guid(03010ef8bcdc4e3458ec94f4e570cbb5) Importer(815301076,1909f56bfc062723c751e8b465ee728b)  -> (artifact id: '2726d9a5420d246072c4330cd1f133f7') in 0.012885 seconds
  Import took 0.016027 seconds .

========================================================================
Received Prepare
Registering precompiled user dll's ...
Registered in 0.002602 seconds.
Begin MonoManager ReloadAssembly
Native extension for WindowsStandalone target not found
Refreshing native plugins compatible for Editor in 0.98 ms, found 0 plugins.
Preloading 0 native plugins for Editor in 0.00 ms.
Mono: successfully reloaded assembly
- Completed reload, in  0.697 seconds
Platform modules already initialized, skipping
Refreshing native plugins compatible for Editor in 0.83 ms, found 0 plugins.
Preloading 0 native plugins for Editor in 0.00 ms.
Unloading 1930 Unused Serialized files (Serialized files now loaded: 0)
System memory in use before: 103.6 MB.
System memory in use after: 103.7 MB.

Unloading 44 unused Assets to reduce memory usage. Loaded Objects now: 2513.
Total: 4.374000 ms (FindLiveObjects: 0.270800 ms CreateObjectMapping: 0.061900 ms MarkObjects: 4.021400 ms  DeleteObjects: 0.018900 ms)

========================================================================
Received Prepare
Registering precompiled user dll's ...
Registered in 0.002262 seconds.
Begin MonoManager ReloadAssembly
Native extension for WindowsStandalone target not found
Refreshing native plugins compatible for Editor in 0.76 ms, found 0 plugins.
Preloading 0 native plugins for Editor in 0.00 ms.
Mono: successfully reloaded assembly
- Completed reload, in  0.723 seconds
Platform modules already initialized, skipping
Refreshing native plugins compatible for Editor in 0.71 ms, found 0 plugins.
Preloading 0 native plugins for Editor in 0.00 ms.
Unloading 1930 Unused Serialized files (Serialized files now loaded: 0)
System memory in use before: 103.6 MB.
System memory in use after: 103.7 MB.

Unloading 44 unused Assets to reduce memory usage. Loaded Objects now: 2516.
Total: 4.520500 ms (FindLiveObjects: 0.197900 ms CreateObjectMapping: 0.043000 ms MarkObjects: 4.259600 ms  DeleteObjects: 0.018900 ms)

========================================================================
Received Import Request.
  Time since last request: 296.438326 seconds.
  path: Assets/Resources/SuperSkyScrapper.prefab
  artifactKey: Guid(7136a2b75ff370640960fff220d02b47) Importer(815301076,1909f56bfc062723c751e8b465ee728b)
Start importing Assets/Resources/SuperSkyScrapper.prefab using Guid(7136a2b75ff370640960fff220d02b47) Importer(815301076,1909f56bfc062723c751e8b465ee728b)  -> (artifact id: '0bdc995844cd4fa0c3dd78b04ac4c89a') in 0.066746 seconds
  Import took 0.071751 seconds .

========================================================================
Received Prepare
Registering precompiled user dll's ...
Registered in 0.002532 seconds.
Begin MonoManager ReloadAssembly
Native extension for WindowsStandalone target not found
Refreshing native plugins compatible for Editor in 0.74 ms, found 0 plugins.
Preloading 0 native plugins for Editor in 0.00 ms.
Mono: successfully reloaded assembly
- Completed reload, in  0.730 seconds
Platform modules already initialized, skipping
Refreshing native plugins compatible for Editor in 0.80 ms, found 0 plugins.
Preloading 0 native plugins for Editor in 0.00 ms.
Unloading 1930 Unused Serialized files (Serialized files now loaded: 0)
System memory in use before: 103.9 MB.
System memory in use after: 104.0 MB.

Unloading 44 unused Assets to reduce memory usage. Loaded Objects now: 2520.
Total: 5.636200 ms (FindLiveObjects: 0.257800 ms CreateObjectMapping: 0.054100 ms MarkObjects: 5.296800 ms  DeleteObjects: 0.026500 ms)

========================================================================
Received Import Request.
  Time since last request: 40.383238 seconds.
  path: Assets/Resources/Office Building.prefab
  artifactKey: Guid(e79f9833428d9b749bee4fd33acfbef4) Importer(815301076,1909f56bfc062723c751e8b465ee728b)
Start importing Assets/Resources/Office Building.prefab using Guid(e79f9833428d9b749bee4fd33acfbef4) Importer(815301076,1909f56bfc062723c751e8b465ee728b)  -> (artifact id: '572049b9441df304dfa80f5d7a27224c') in 0.072132 seconds
  Import took 0.077870 seconds .

========================================================================
Received Import Request.
  Time since last request: 15.660997 seconds.
  path: Assets/Resources/Office Building.prefab
  artifactKey: Guid(e79f9833428d9b749bee4fd33acfbef4) Importer(815301076,1909f56bfc062723c751e8b465ee728b)
Start importing Assets/Resources/Office Building.prefab using Guid(e79f9833428d9b749bee4fd33acfbef4) Importer(815301076,1909f56bfc062723c751e8b465ee728b)  -> (artifact id: '53c5f859926100bb57746f73383dbe75') in 0.035875 seconds
  Import took 0.041153 seconds .

